{"C:\\Users\\dilan\\OneDrive\\Escritorio\\DesarrolloWeb\\parcial2Electiva\\src\\Application\\event.application.ts": {"path":"C:\\Users\\dilan\\OneDrive\\Escritorio\\DesarrolloWeb\\parcial2Electiva\\src\\Application\\event.application.ts","statementMap":{"0":{"start":{"line":1,"column":0},"end":{"line":1,"column":63}},"1":{"start":{"line":2,"column":0},"end":{"line":2,"column":67}},"2":{"start":{"line":3,"column":0},"end":{"line":3,"column":63}},"3":{"start":{"line":4,"column":0},"end":{"line":4,"column":67}},"4":{"start":{"line":11,"column":25},"end":{"line":11,"column":49}},"5":{"start":{"line":15,"column":8},"end":{"line":20,"column":9}},"6":{"start":{"line":16,"column":29},"end":{"line":16,"column":63}},"7":{"start":{"line":17,"column":12},"end":{"line":17,"column":null}},"8":{"start":{"line":19,"column":12},"end":{"line":19,"column":null}},"9":{"start":{"line":24,"column":8},"end":{"line":29,"column":9}},"10":{"start":{"line":25,"column":29},"end":{"line":25,"column":58}},"11":{"start":{"line":26,"column":12},"end":{"line":26,"column":null}},"12":{"start":{"line":28,"column":12},"end":{"line":28,"column":null}},"13":{"start":{"line":32,"column":8},"end":{"line":37,"column":9}},"14":{"start":{"line":33,"column":33},"end":{"line":33,"column":65}},"15":{"start":{"line":34,"column":12},"end":{"line":34,"column":null}},"16":{"start":{"line":36,"column":12},"end":{"line":36,"column":null}},"17":{"start":{"line":40,"column":8},"end":{"line":48,"column":9}},"18":{"start":{"line":41,"column":26},"end":{"line":41,"column":53}},"19":{"start":{"line":42,"column":12},"end":{"line":42,"column":null}},"20":{"start":{"line":42,"column":23},"end":{"line":42,"column":null}},"21":{"start":{"line":44,"column":32},"end":{"line":44,"column":69}},"22":{"start":{"line":45,"column":12},"end":{"line":45,"column":null}},"23":{"start":{"line":47,"column":12},"end":{"line":47,"column":null}},"24":{"start":{"line":51,"column":8},"end":{"line":59,"column":9}},"25":{"start":{"line":52,"column":26},"end":{"line":52,"column":53}},"26":{"start":{"line":53,"column":12},"end":{"line":53,"column":null}},"27":{"start":{"line":53,"column":23},"end":{"line":53,"column":null}},"28":{"start":{"line":55,"column":32},"end":{"line":55,"column":63}},"29":{"start":{"line":56,"column":12},"end":{"line":56,"column":32}},"30":{"start":{"line":58,"column":12},"end":{"line":58,"column":null}},"31":{"start":{"line":8,"column":0},"end":{"line":8,"column":13}}},"fnMap":{"0":{"name":"(anonymous_7)","decl":{"start":{"line":10,"column":4},"end":{"line":10,"column":null}},"loc":{"start":{"line":11,"column":49},"end":{"line":12,"column":7}}},"1":{"name":"(anonymous_8)","decl":{"start":{"line":14,"column":10},"end":{"line":14,"column":24}},"loc":{"start":{"line":14,"column":43},"end":{"line":21,"column":null}}},"2":{"name":"(anonymous_10)","decl":{"start":{"line":23,"column":10},"end":{"line":23,"column":21}},"loc":{"start":{"line":23,"column":21},"end":{"line":30,"column":null}}},"3":{"name":"(anonymous_12)","decl":{"start":{"line":31,"column":10},"end":{"line":31,"column":22}},"loc":{"start":{"line":31,"column":32},"end":{"line":38,"column":null}}},"4":{"name":"(anonymous_14)","decl":{"start":{"line":39,"column":10},"end":{"line":39,"column":21}},"loc":{"start":{"line":39,"column":53},"end":{"line":49,"column":null}}},"5":{"name":"(anonymous_16)","decl":{"start":{"line":50,"column":10},"end":{"line":50,"column":21}},"loc":{"start":{"line":50,"column":31},"end":{"line":60,"column":null}}}},"branchMap":{"0":{"loc":{"start":{"line":42,"column":12},"end":{"line":42,"column":null}},"type":"if","locations":[{"start":{"line":42,"column":12},"end":{"line":42,"column":null}}]},"1":{"loc":{"start":{"line":53,"column":12},"end":{"line":53,"column":null}},"type":"if","locations":[{"start":{"line":53,"column":12},"end":{"line":53,"column":null}}]}},"s":{"0":1,"1":1,"2":1,"3":1,"4":18,"5":2,"6":2,"7":1,"8":1,"9":2,"10":2,"11":1,"12":1,"13":5,"14":5,"15":2,"16":3,"17":1,"18":1,"19":0,"20":0,"21":0,"22":0,"23":1,"24":2,"25":2,"26":1,"27":0,"28":1,"29":1,"30":1,"31":1},"f":{"0":18,"1":2,"2":2,"3":5,"4":1,"5":2},"b":{"0":[0],"1":[0]}}
,"C:\\Users\\dilan\\OneDrive\\Escritorio\\DesarrolloWeb\\parcial2Electiva\\src\\Domain\\Errors\\Error.Message.ts": {"path":"C:\\Users\\dilan\\OneDrive\\Escritorio\\DesarrolloWeb\\parcial2Electiva\\src\\Domain\\Errors\\Error.Message.ts","statementMap":{"0":{"start":{"line":1,"column":0},"end":{"line":1,"column":null}},"1":{"start":{"line":2,"column":4},"end":{"line":2,"column":null}},"2":{"start":{"line":3,"column":4},"end":{"line":3,"column":null}},"3":{"start":{"line":4,"column":4},"end":{"line":4,"column":null}},"4":{"start":{"line":5,"column":4},"end":{"line":5,"column":null}}},"fnMap":{"0":{"name":"(anonymous_0)","decl":{"start":{"line":1,"column":0},"end":{"line":1,"column":12}},"loc":{"start":{"line":1,"column":25},"end":{"line":6,"column":1}}}},"branchMap":{"0":{"loc":{"start":{"line":1,"column":12},"end":{"line":1,"column":null}},"type":"binary-expr","locations":[{"start":{"line":1,"column":12},"end":{"line":1,"column":25}},{"start":{"line":1,"column":25},"end":{"line":1,"column":null}}]}},"s":{"0":1,"1":1,"2":1,"3":1,"4":1},"f":{"0":1},"b":{"0":[1,1]}}
,"C:\\Users\\dilan\\OneDrive\\Escritorio\\DesarrolloWeb\\parcial2Electiva\\src\\Domain\\Errors\\InternalError.ts": {"path":"C:\\Users\\dilan\\OneDrive\\Escritorio\\DesarrolloWeb\\parcial2Electiva\\src\\Domain\\Errors\\InternalError.ts","statementMap":{"0":{"start":{"line":1,"column":0},"end":{"line":1,"column":48}},"1":{"start":{"line":5,"column":8},"end":{"line":5,"column":41}},"2":{"start":{"line":3,"column":0},"end":{"line":3,"column":13}}},"fnMap":{"0":{"name":"(anonymous_0)","decl":{"start":{"line":4,"column":4},"end":{"line":4,"column":null}},"loc":{"start":{"line":4,"column":4},"end":{"line":6,"column":5}}}},"branchMap":{},"s":{"0":1,"1":1,"2":1},"f":{"0":1},"b":{}}
,"C:\\Users\\dilan\\OneDrive\\Escritorio\\DesarrolloWeb\\parcial2Electiva\\src\\Domain\\Errors\\NotCreatedError.ts": {"path":"C:\\Users\\dilan\\OneDrive\\Escritorio\\DesarrolloWeb\\parcial2Electiva\\src\\Domain\\Errors\\NotCreatedError.ts","statementMap":{"0":{"start":{"line":1,"column":0},"end":{"line":1,"column":48}},"1":{"start":{"line":5,"column":8},"end":{"line":5,"column":41}},"2":{"start":{"line":3,"column":0},"end":{"line":3,"column":13}}},"fnMap":{"0":{"name":"(anonymous_0)","decl":{"start":{"line":4,"column":4},"end":{"line":4,"column":null}},"loc":{"start":{"line":4,"column":4},"end":{"line":6,"column":5}}}},"branchMap":{},"s":{"0":1,"1":2,"2":1},"f":{"0":2},"b":{}}
,"C:\\Users\\dilan\\OneDrive\\Escritorio\\DesarrolloWeb\\parcial2Electiva\\src\\Domain\\Errors\\NotFoundError.ts": {"path":"C:\\Users\\dilan\\OneDrive\\Escritorio\\DesarrolloWeb\\parcial2Electiva\\src\\Domain\\Errors\\NotFoundError.ts","statementMap":{"0":{"start":{"line":1,"column":0},"end":{"line":1,"column":48}},"1":{"start":{"line":5,"column":8},"end":{"line":5,"column":40}},"2":{"start":{"line":3,"column":0},"end":{"line":3,"column":13}}},"fnMap":{"0":{"name":"(anonymous_0)","decl":{"start":{"line":4,"column":4},"end":{"line":4,"column":null}},"loc":{"start":{"line":4,"column":4},"end":{"line":6,"column":5}}}},"branchMap":{},"s":{"0":1,"1":8,"2":1},"f":{"0":8},"b":{}}
,"C:\\Users\\dilan\\OneDrive\\Escritorio\\DesarrolloWeb\\parcial2Electiva\\src\\Domain\\Errors\\NotUpdatedError.ts": {"path":"C:\\Users\\dilan\\OneDrive\\Escritorio\\DesarrolloWeb\\parcial2Electiva\\src\\Domain\\Errors\\NotUpdatedError.ts","statementMap":{"0":{"start":{"line":1,"column":0},"end":{"line":1,"column":48}},"1":{"start":{"line":5,"column":6},"end":{"line":5,"column":39}},"2":{"start":{"line":3,"column":0},"end":{"line":3,"column":13}}},"fnMap":{"0":{"name":"(anonymous_0)","decl":{"start":{"line":4,"column":2},"end":{"line":4,"column":null}},"loc":{"start":{"line":4,"column":2},"end":{"line":6,"column":3}}}},"branchMap":{},"s":{"0":1,"1":1,"2":1},"f":{"0":1},"b":{}}
}
